<?xml version="1.0" encoding="UTF-8"?>
<!-- Generated by org.testng.reporters.JUnitReportReporter -->
<testsuite hostname="Asifs-Air.lan" failures="0" tests="3" name="tests.CheckRepoContentTest" time="2.126" errors="0" timestamp="2025-06-25T11:08:12 GST" skipped="0">
  <testcase classname="tests.CheckRepoContentTest" name="testGetRepositoryContent" time="0.405"/>
  <testcase classname="tests.CheckRepoContentTest" name="testCreateFileContent" time="0.702"/>
  <testcase classname="tests.CheckRepoContentTest" name="testDeleteFileContent" time="1.019"/>
</testsuite> <!-- tests.CheckRepoContentTest -->
