<?xml version="1.0" encoding="UTF-8"?>
<!-- Generated by org.testng.reporters.JUnitReportReporter -->
<testsuite hostname="Asifs-Air.lan" failures="0" tests="11" name="tests.RepositoryApiTest" time="7.194" errors="0" timestamp="2025-06-25T11:08:12 GST" skipped="1">
  <testcase classname="tests.RepositoryApiTest" name="testGetRepository" time="1.013"/>
  <testcase classname="tests.RepositoryApiTest" name="testUpdateRepository" time="0.471"/>
  <testcase classname="tests.RepositoryApiTest" name="testListRepositoryActivities" time="0.342"/>
  <testcase classname="tests.RepositoryApiTest" name="testCheckDependabotSecurityUpdatesEnabled" time="0.287"/>
  <testcase classname="tests.RepositoryApiTest" name="testListRepositoryContributors" time="0.405"/>
  <testcase classname="tests.RepositoryApiTest" name="testListAllPublicRepositories" time="0.520"/>
  <testcase classname="tests.RepositoryApiTest" name="testListAllPublicRepositoriesWithPagination" time="2.058"/>
  <testcase classname="tests.RepositoryApiTest" name="testListAuthenticatedUserRepositories" time="0.379"/>
  <testcase classname="tests.RepositoryApiTest" name="testCreateRepositoryForAuthenticatedUser" time="1.106"/>
  <testcase classname="tests.RepositoryApiTest" name="testDeleteRepositoryForAuthenticatedUser" time="0.613"/>
  <testcase classname="tests.RepositoryApiTest" name="testDeleteRepository">
    <skipped/>
  </testcase> <!-- testDeleteRepository -->
</testsuite> <!-- tests.RepositoryApiTest -->
