<?xml version="1.0" encoding="UTF-8"?>
<!-- Generated by org.testng.reporters.JUnitReportReporter -->
<testsuite hostname="Asifs-Air.lan" failures="0" tests="3" name="tests.GetCommitDetailsTest" time="2.064" errors="0" timestamp="2025-06-25T14:34:09 GST" skipped="0">
  <testcase classname="tests.GetCommitDetailsTest" name="testListCommits" time="0.443"/>
  <testcase classname="tests.GetCommitDetailsTest" name="testGetCommitByRef" time="0.609"/>
  <testcase classname="tests.GetCommitDetailsTest" name="testCompareCommits" time="1.012"/>
</testsuite> <!-- tests.GetCommitDetailsTest -->
