<?xml version="1.0" encoding="UTF-8"?>
<!-- Generated by org.testng.reporters.JUnitReportReporter -->
<testsuite hostname="Asifs-Air" failures="0" tests="3" name="tests.GetCommitDetailsTest" time="1.541" errors="0" timestamp="2025-06-26T23:43:21 GST" skipped="0">
  <testcase classname="tests.GetCommitDetailsTest" name="testListCommits" time="0.475"/>
  <testcase classname="tests.GetCommitDetailsTest" name="testGetCommitByRef" time="0.453"/>
  <testcase classname="tests.GetCommitDetailsTest" name="testCompareCommits" time="0.613"/>
</testsuite> <!-- tests.GetCommitDetailsTest -->
