<?xml version="1.0" encoding="UTF-8"?>
<!-- Generated by org.testng.reporters.JUnitReportReporter -->
<testsuite hostname="Asifs-Air.lan" failures="0" tests="2" name="tests.RepositoryApiTest" time="0.884" errors="0" timestamp="2025-07-01T08:09:39 GST" skipped="1">
  <testcase classname="tests.RepositoryApiTest" name="testListRepositoryActivities" time="0.884"/>
  <testcase classname="tests.RepositoryApiTest" name="testDeleteRepository">
    <skipped/>
  </testcase> <!-- testDeleteRepository -->
</testsuite> <!-- tests.RepositoryApiTest -->
