<?xml version="1.0" encoding="UTF-8"?>
<!-- Generated by org.testng.reporters.JUnitReportReporter -->
<testsuite hostname="Asifs-Air" failures="0" tests="11" name="tests.RepositoryApiTest" time="7.966" errors="0" timestamp="2025-06-26T23:43:21 GST" skipped="1">
  <testcase classname="tests.RepositoryApiTest" name="testGetRepository" time="1.044"/>
  <testcase classname="tests.RepositoryApiTest" name="testUpdateRepository" time="0.562"/>
  <testcase classname="tests.RepositoryApiTest" name="testListRepositoryActivities" time="0.440"/>
  <testcase classname="tests.RepositoryApiTest" name="testCheckDependabotSecurityUpdatesEnabled" time="0.380"/>
  <testcase classname="tests.RepositoryApiTest" name="testListRepositoryContributors" time="0.523"/>
  <testcase classname="tests.RepositoryApiTest" name="testListAllPublicRepositories" time="0.551"/>
  <testcase classname="tests.RepositoryApiTest" name="testListAllPublicRepositoriesWithPagination" time="2.133"/>
  <testcase classname="tests.RepositoryApiTest" name="testListAuthenticatedUserRepositories" time="0.501"/>
  <testcase classname="tests.RepositoryApiTest" name="testCreateRepositoryForAuthenticatedUser" time="1.222"/>
  <testcase classname="tests.RepositoryApiTest" name="testDeleteRepositoryForAuthenticatedUser" time="0.610"/>
  <testcase classname="tests.RepositoryApiTest" name="testDeleteRepository">
    <skipped/>
  </testcase> <!-- testDeleteRepository -->
</testsuite> <!-- tests.RepositoryApiTest -->
