<?xml version="1.0" encoding="UTF-8"?>
<!-- Generated by org.testng.reporters.JUnitReportReporter -->
<testsuite hostname="Asifs-Air.lan" failures="0" tests="3" name="tests.CheckRepoContentTest" time="1.952" errors="0" timestamp="2025-06-25T14:34:09 GST" skipped="0">
  <testcase classname="tests.CheckRepoContentTest" name="testGetRepositoryContent" time="0.364"/>
  <testcase classname="tests.CheckRepoContentTest" name="testCreateFileContent" time="0.698"/>
  <testcase classname="tests.CheckRepoContentTest" name="testDeleteFileContent" time="0.890"/>
</testsuite> <!-- tests.CheckRepoContentTest -->
