<?xml version="1.0" encoding="UTF-8"?>
<!-- Generated by org.testng.reporters.JUnitReportReporter -->
<testsuite hostname="Asifs-Air.lan" failures="0" tests="11" name="tests.RepositoryApiTest" time="7.533" errors="0" timestamp="2025-06-25T10:28:01 GST" skipped="1">
  <testcase classname="tests.RepositoryApiTest" name="testGetRepository" time="1.074"/>
  <testcase classname="tests.RepositoryApiTest" name="testUpdateRepository" time="0.543"/>
  <testcase classname="tests.RepositoryApiTest" name="testListRepositoryActivities" time="0.359"/>
  <testcase classname="tests.RepositoryApiTest" name="testCheckDependabotSecurityUpdatesEnabled" time="0.281"/>
  <testcase classname="tests.RepositoryApiTest" name="testListRepositoryContributors" time="0.360"/>
  <testcase classname="tests.RepositoryApiTest" name="testListAllPublicRepositories" time="0.607"/>
  <testcase classname="tests.RepositoryApiTest" name="testListAllPublicRepositoriesWithPagination" time="1.862"/>
  <testcase classname="tests.RepositoryApiTest" name="testListAuthenticatedUserRepositories" time="0.401"/>
  <testcase classname="tests.RepositoryApiTest" name="testCreateRepositoryForAuthenticatedUser" time="1.299"/>
  <testcase classname="tests.RepositoryApiTest" name="testDeleteRepositoryForAuthenticatedUser" time="0.747"/>
  <testcase classname="tests.RepositoryApiTest" name="testDeleteRepository">
    <skipped/>
  </testcase> <!-- testDeleteRepository -->
</testsuite> <!-- tests.RepositoryApiTest -->
