<?xml version="1.0" encoding="UTF-8"?>
<!-- Generated by org.testng.reporters.JUnitReportReporter -->
<testsuite hostname="Asifs-Air.lan" failures="0" tests="11" name="tests.RepositoryApiTest" time="7.697" errors="0" timestamp="2025-06-25T14:34:09 GST" skipped="1">
  <testcase classname="tests.RepositoryApiTest" name="testGetRepository" time="1.019"/>
  <testcase classname="tests.RepositoryApiTest" name="testUpdateRepository" time="0.578"/>
  <testcase classname="tests.RepositoryApiTest" name="testListRepositoryActivities" time="0.388"/>
  <testcase classname="tests.RepositoryApiTest" name="testCheckDependabotSecurityUpdatesEnabled" time="0.335"/>
  <testcase classname="tests.RepositoryApiTest" name="testListRepositoryContributors" time="0.389"/>
  <testcase classname="tests.RepositoryApiTest" name="testListAllPublicRepositories" time="0.504"/>
  <testcase classname="tests.RepositoryApiTest" name="testListAllPublicRepositoriesWithPagination" time="2.000"/>
  <testcase classname="tests.RepositoryApiTest" name="testListAuthenticatedUserRepositories" time="0.428"/>
  <testcase classname="tests.RepositoryApiTest" name="testCreateRepositoryForAuthenticatedUser" time="1.406"/>
  <testcase classname="tests.RepositoryApiTest" name="testDeleteRepositoryForAuthenticatedUser" time="0.650"/>
  <testcase classname="tests.RepositoryApiTest" name="testDeleteRepository">
    <skipped/>
  </testcase> <!-- testDeleteRepository -->
</testsuite> <!-- tests.RepositoryApiTest -->
