<?xml version="1.0" encoding="UTF-8"?>
<!-- Generated by org.testng.reporters.JUnitReportReporter -->
<testsuite hostname="Asifs-Air.lan" failures="0" tests="3" name="tests.CheckRepoContentTest" time="1.847" errors="0" timestamp="2025-06-25T10:28:01 GST" skipped="0">
  <testcase classname="tests.CheckRepoContentTest" name="testGetRepositoryContent" time="0.354"/>
  <testcase classname="tests.CheckRepoContentTest" name="testCreateFileContent" time="0.585"/>
  <testcase classname="tests.CheckRepoContentTest" name="testDeleteFileContent" time="0.908"/>
</testsuite> <!-- tests.CheckRepoContentTest -->
