<?xml version="1.0" encoding="UTF-8"?>
<!-- Generated by org.testng.reporters.JUnitReportReporter -->
<testsuite hostname="Asifs-Air.lan" failures="0" tests="3" name="tests.GetBranchDetailsTest" time="1.271" errors="0" timestamp="2025-06-25T10:28:01 GST" skipped="0">
  <testcase classname="tests.GetBranchDetailsTest" name="testListBranches" time="0.477"/>
  <testcase classname="tests.GetBranchDetailsTest" name="testGetBranch" time="0.399"/>
  <testcase classname="tests.GetBranchDetailsTest" name="testGetBranch" time="0.395"/>
</testsuite> <!-- tests.GetBranchDetailsTest -->
