<?xml version="1.0" encoding="UTF-8"?>
<!-- Generated by org.testng.reporters.JUnitReportReporter -->
<testsuite hostname="Asifs-Air" failures="0" tests="3" name="tests.GetBranchDetailsTest" time="1.367" errors="0" timestamp="2025-06-26T23:43:21 GST" skipped="0">
  <testcase classname="tests.GetBranchDetailsTest" name="testListBranches" time="0.494"/>
  <testcase classname="tests.GetBranchDetailsTest" name="testGetBranch" time="0.448"/>
  <testcase classname="tests.GetBranchDetailsTest" name="testGetBranch" time="0.425"/>
</testsuite> <!-- tests.GetBranchDetailsTest -->
