<?xml version="1.0" encoding="UTF-8"?>
<!-- Generated by org.testng.reporters.JUnitReportReporter -->
<testsuite hostname="Asifs-Air" failures="0" tests="3" name="tests.CheckRepoContentTest" time="2.163" errors="0" timestamp="2025-06-26T23:43:21 GST" skipped="0">
  <testcase classname="tests.CheckRepoContentTest" name="testGetRepositoryContent" time="0.433"/>
  <testcase classname="tests.CheckRepoContentTest" name="testCreateFileContent" time="0.723"/>
  <testcase classname="tests.CheckRepoContentTest" name="testDeleteFileContent" time="1.007"/>
</testsuite> <!-- tests.CheckRepoContentTest -->
